
2017-12-04T19:36:52+03:00 LOG_LEVEL_ERROR Error message
2017-12-04T19:36:52+03:00 LOG_LEVEL_ERROR Error message
2017-12-04T19:36:52+03:00 LOG_LEVEL_INFO Info message
2017-12-04T19:36:52+03:00 LOG_LEVEL_INFO Info message
2017-12-04T19:36:52+03:00 LOG_LEVEL_DEBUG Debug message
2017-12-04T19:36:52+03:00 LOG_LEVEL_DEBUG Debug message
2017-12-04T19:36:52+03:00 LOG_LEVEL_NOTICE Notice message
2017-12-04T19:36:52+03:00 LOG_LEVEL_NOTICE Notice message
2017-12-04T19:36:52+03:00 LOG_LEVEL_INFO Info message from FileLogger
2017-12-04T19:36:52+03:00 LOG_LEVEL_INFO Info message from FileLogger
2017-12-04T19:37:40+03:00 LOG_LEVEL_ERROR Error message
2017-12-04T19:37:40+03:00 LOG_LEVEL_ERROR Error message
2017-12-04T19:37:40+03:00 LOG_LEVEL_INFO Info message
2017-12-04T19:37:40+03:00 LOG_LEVEL_INFO Info message
2017-12-04T19:37:40+03:00 LOG_LEVEL_DEBUG Debug message
2017-12-04T19:37:40+03:00 LOG_LEVEL_DEBUG Debug message
2017-12-04T19:37:40+03:00 LOG_LEVEL_NOTICE Notice message
2017-12-04T19:37:40+03:00 LOG_LEVEL_NOTICE Notice message
2017-12-04T19:37:40+03:00 LOG_LEVEL_INFO Info message from FileLogger
2017-12-04T19:37:40+03:00 LOG_LEVEL_INFO Info message from FileLogger
2017-12-04T19:37:56+03:00 LOG_LEVEL_ERROR Error message
2017-12-04T19:37:56+03:00 LOG_LEVEL_ERROR Error message
2017-12-04T19:37:56+03:00 LOG_LEVEL_INFO Info message
2017-12-04T19:37:56+03:00 LOG_LEVEL_INFO Info message
2017-12-04T19:37:56+03:00 LOG_LEVEL_DEBUG Debug message
2017-12-04T19:37:56+03:00 LOG_LEVEL_DEBUG Debug message
2017-12-04T19:37:56+03:00 LOG_LEVEL_NOTICE Notice message
2017-12-04T19:37:56+03:00 LOG_LEVEL_NOTICE Notice message
2017-12-04T19:37:56+03:00 LOG_LEVEL_INFO Info message from FileLogger
2017-12-04T19:37:56+03:00 LOG_LEVEL_INFO Info message from FileLogger